This is LuaHBTeX, Version 1.14.0 (MiKTeX 21.12.10) (format=lualatex 2021.12.17)  25 DEC 2021 14:10
 restricted system commands enabled.
**AGRADEC.tex
(./AGRADEC.tex
LaTeX2e <2021-11-15> patch level 1
Lua module: luaotfload 2021-05-21 3.18 Lua based OpenType font support
Lua module: lualibs 2021-05-20 2.74 ConTeXt Lua standard libraries.
Lua module: lualibs-extended 2021-05-20 2.74 ConTeXt Lua libraries -- extended c
ollection.
luaotfload | conf : Root cache directory is "C:/Users/lucas/AppData/Local/MiKTeX
/luatex-cache/generic/names".
luaotfload | init : Loading fontloader "fontloader-2021-05-20.lua" from kpse-res
olved path "C:/Users/lucas/AppData/Local/Programs/MiKTeX/tex/luatex/luaotfload/f
ontloader-2021-05-20.lua".
Lua-only attribute luaotfload@noligature = 1
Lua-only attribute luaotfload@syllabe = 2
luaotfload | init : Context OpenType loader version 3.116
Inserting `luaotfload.node_processor' at position 1 in `pre_linebreak_filter'.
Inserting `luaotfload.node_processor' at position 1 in `hpack_filter'.
Inserting `luaotfload.glyph_stream' at position 1 in `glyph_stream_provider'.
Inserting `luaotfload.define_font' at position 1 in `define_font'.
Lua-only attribute luaotfload_color_attribute = 3
luaotfload | conf : Root cache directory is "C:/Users/lucas/AppData/Local/MiKTeX
/luatex-cache/generic/names".
Inserting `luaotfload.harf.strip_prefix' at position 1 in `find_opentype_file'.
Inserting `luaotfload.harf.strip_prefix' at position 1 in `find_truetype_file'.
Inserting `luaotfload.harf.finalize_vlist' at position 1 in `post_linebreak_filt
er'.
Inserting `luaotfload.harf.finalize_hlist' at position 2 in `hpack_filter'.
Inserting `luaotfload.cleanup_files' at position 1 in `wrapup_run'.
Inserting `luaotfload.harf.finalize_unicode' at position 1 in `finish_pdffile'.
Inserting `luaotfload.glyphinfo' at position 1 in `glyph_info'.
Lua-only attribute luaotfload.letterspace_done = 4
Inserting `luaotfload.aux.set_sscale_dimens' at position 1 in `luaotfload.patch_
font'.
Inserting `luaotfload.aux.set_font_index' at position 2 in `luaotfload.patch_fon
t'.
Inserting `luaotfload.aux.patch_cambria_domh' at position 3 in `luaotfload.patch
_font'.
Inserting `luaotfload.aux.fixup_fontdata' at position 1 in `luaotfload.patch_fon
t_unsafe'.
Inserting `luaotfload.aux.set_capheight' at position 4 in `luaotfload.patch_font
'.
Inserting `luaotfload.aux.set_xheight' at position 5 in `luaotfload.patch_font'.
Inserting `luaotfload.rewrite_fontname' at position 6 in `luaotfload.patch_font'
. L3 programming layer <2021-11-22>
Inserting `tracingstacklevels' at position 1 in `input_level_string'.

! LaTeX Error: Environment agradecimentos undefined.

See the LaTeX manual or LaTeX Companion for explanation.
Type  H <return>  for immediate help.
 ...                                              
                                                  
l.7 \begin{agradecimentos}
                        
Your command was ignored.
Type  I <command> <return>  to replace it with another command,
or  <return>  to continue without it.


! LaTeX Error: Missing \begin{document}.

See the LaTeX manual or LaTeX Companion for explanation.
Type  H <return>  for immediate help.
 ...                                              
                                                  
l.9 \noindent
           
You're in trouble here.  Try typing  <return>  to proceed.
If that doesn't work, type  X <return>  to quit.


! LaTeX Error: Missing \begin{document}.

See the LaTeX manual or LaTeX Companion for explanation.
Type  H <return>  for immediate help.
 ...                                              
                                                  
l.12 \noindent
            
You're in trouble here.  Try typing  <return>  to proceed.
If that doesn't work, type  X <return>  to quit.

! Undefined control sequence.
l.13 ...as as outras que ainda hão de surgir \heart
                                                   \\
The control sequence at the end of the top line
of your error message was never \def'ed. If you have
misspelled it (e.g., `\hobx'), type `I' and the correct
spelling (e.g., `I\hbox'). Otherwise just continue,
and I'll forget about whatever was undefined.


! LaTeX Error: Missing \begin{document}.

See the LaTeX manual or LaTeX Companion for explanation.
Type  H <return>  for immediate help.
 ...                                              
                                                  
l.15 \noindent
            
You're in trouble here.  Try typing  <return>  to proceed.
If that doesn't work, type  X <return>  to quit.

luaotfload | db : Font names database loaded from C:/Users/lucas/AppData/Local/M
iKTeX/luatex-cache/generic/names/luaotfload-names.luc
Overfull \hbox (23.15pt too wide) in paragraph at lines 15--17
\TU/lmr/m/it/10 Busi-
 []


Overfull \hbox (18.4pt too wide) in paragraph at lines 15--17
\TU/lmr/m/it/10 ness
 []


Overfull \hbox (13.06pt too wide) in paragraph at lines 15--17
\TU/lmr/m/it/10 In-
 []


Overfull \hbox (14.06001pt too wide) in paragraph at lines 15--17
\TU/lmr/m/it/10 tel-
 []


Overfull \hbox (9.21pt too wide) in paragraph at lines 15--17
\TU/lmr/m/it/10 li-
 []


Overfull \hbox (23.51003pt too wide) in paragraph at lines 15--17
\TU/lmr/m/it/10 gence
 []


Overfull \hbox (9.21pt too wide) in paragraph at lines 15--17
\TU/lmr/m/it/10 li-
 []


Overfull \hbox (50.62003pt too wide) in paragraph at lines 15--17
\TU/lmr/m/it/10 braries\nullfont (\TU/lmr/bx/it/10 Libs\nullfont ),
 []


Overfull \hbox (26.71pt too wide) in paragraph at lines 15--17
\TU/lmr/m/it/10 Struc-
 []


Overfull \hbox (21.60002pt too wide) in paragraph at lines 15--17
\TU/lmr/m/it/10 tured
 []


Overfull \hbox (26.72pt too wide) in paragraph at lines 15--17
\TU/lmr/m/it/10 Query
 []


Overfull \hbox (20.07pt too wide) in paragraph at lines 15--17
\TU/lmr/m/it/10 Lan-
 []


Overfull \hbox (24.28001pt too wide) in paragraph at lines 15--17
\TU/lmr/m/it/10 guage
 []


Overfull \hbox (21.95pt too wide) in paragraph at lines 15--17
(\TU/lmr/bx/n/10 SQL\nullfont )
 []


Overfull \hbox (62.04001pt too wide) in paragraph at lines 15--17
\TU/lmr/m/it/10 Python\nullfont /\TU/lmr/m/it/10 Python
 []


Overfull \hbox (24.15001pt too wide) in paragraph at lines 15--17
\TU/lmr/m/it/10 Spark
 []


Overfull \hbox (43.11002pt too wide) in paragraph at lines 15--17
(\TU/lmr/bx/n/10 PySpark\nullfont ). 
 []


! LaTeX Error: Missing \begin{document}.

See the LaTeX manual or LaTeX Companion for explanation.
Type  H <return>  for immediate help.
 ...                                              
                                                  
l.18 \noindent
            
You're in trouble here.  Try typing  <return>  to proceed.
If that doesn't work, type  X <return>  to quit.


! LaTeX Error: Missing \begin{document}.

See the LaTeX manual or LaTeX Companion for explanation.
Type  H <return>  for immediate help.
 ...                                              
                                                  
l.21 \noindent
            
You're in trouble here.  Try typing  <return>  to proceed.
If that doesn't work, type  X <return>  to quit.


! LaTeX Error: Missing \begin{document}.

See the LaTeX manual or LaTeX Companion for explanation.
Type  H <return>  for immediate help.
 ...                                              
                                                  
l.24 \noindent
            
You're in trouble here.  Try typing  <return>  to proceed.
If that doesn't work, type  X <return>  to quit.


! LaTeX Error: Missing \begin{document}.

See the LaTeX manual or LaTeX Companion for explanation.
Type  H <return>  for immediate help.
 ...                                              
                                                  
l.27 \noindent
            
You're in trouble here.  Try typing  <return>  to proceed.
If that doesn't work, type  X <return>  to quit.


! LaTeX Error: Missing \begin{document}.

See the LaTeX manual or LaTeX Companion for explanation.
Type  H <return>  for immediate help.
 ...                                              
                                                  
l.30 \noindent
            
You're in trouble here.  Try typing  <return>  to proceed.
If that doesn't work, type  X <return>  to quit.


! LaTeX Error: Missing \begin{document}.

See the LaTeX manual or LaTeX Companion for explanation.
Type  H <return>  for immediate help.
 ...                                              
                                                  
l.33 \noindent
            
You're in trouble here.  Try typing  <return>  to proceed.
If that doesn't work, type  X <return>  to quit.


! LaTeX Error: Missing \begin{document}.

See the LaTeX manual or LaTeX Companion for explanation.
Type  H <return>  for immediate help.
 ...                                              
                                                  
l.36 \noindent
            
You're in trouble here.  Try typing  <return>  to proceed.
If that doesn't work, type  X <return>  to quit.

! Undefined control sequence.
l.37 ... you. Merci. Gracias. 감사합니다 {\tiny
                                                  (gamsahamnida)}.
The control sequence at the end of the top line
of your error message was never \def'ed. If you have
misspelled it (e.g., `\hobx'), type `I' and the correct
spelling (e.g., `I\hbox'). Otherwise just continue,
and I'll forget about whatever was undefined.


! LaTeX Error: \begin{document} ended by \end{agradecimentos}.

See the LaTeX manual or LaTeX Companion for explanation.
Type  H <return>  for immediate help.
 ...                                              
                                                  
l.42 \end{agradecimentos}
                       
Your command was ignored.
Type  I <command> <return>  to replace it with another command,
or  <return>  to continue without it.

)
! Emergency stop.
<*> AGRADEC.tex
            
*** (job aborted, no legal \end found)



Here is how much of LuaTeX's memory you used:
 24 strings out of 477867
 100000,383344 words of node,token memory allocated 27057 words of node memory still in use:
   40 hlist, 15 disc, 10 local_par, 1 dir, 604 glue, 20 kern, 36 penalty, 3082 g
lyph, 49 attribute, 39 glue_spec, 49 attribute_list nodes
   avail lists: 2:2,3:1,4:89,5:2,7:8,10:88
 20772 multiletter control sequences out of 65536+600000
 17 fonts using 986807 bytes
 14i,1n,12p,636b,129s stack positions out of 5000i,500n,10000p,200000b,80000s
!  ==> Fatal error occurred, no output PDF file produced!
